<?xml version="1.0" encoding="UTF-8"?>
<!-- Generated by org.testng.reporters.JUnitXMLReporter -->
<testsuite hostname="DHARSHINI" ignored="0" name="Bookshelf-without-storagetype" tests="1" failures="1" timestamp="24 Jun 2020 12:31:12 GMT" time="48.359" errors="0">
  <testcase name="@AfterMethod afterMethod" time="0.004" classname="ts_01.Bookshelf_search_with_storage_type">
    <failure type="java.lang.NullPointerException">
      <![CDATA[java.lang.NullPointerException
at utils.Excelutils.reportToExcel(Excelutils.java:116)
at ts_01.Bookshelf_search_with_storage_type.afterMethod(Bookshelf_search_with_storage_type.java:88)
... Removed 28 stack frames]]>
    </failure>
  </testcase> <!-- @AfterMethod afterMethod -->
  <testcase name="@AfterMethod getResult" time="0.0" classname="utils.ExtentReport">
    <skipped/>
  </testcase> <!-- @AfterMethod getResult -->
  <testcase name="@AfterClass closeBrowser" time="0.0" classname="ts_01.Bookshelf_search_with_storage_type">
    <skipped/>
  </testcase> <!-- @AfterClass closeBrowser -->
  <testcase name="search_with_Storagetype" time="36.152" classname="ts_01.Bookshelf_search_with_storage_type">
    <failure type="java.lang.RuntimeException" message="java.lang.reflect.InvocationTargetException">
      <![CDATA[java.lang.RuntimeException: java.lang.reflect.InvocationTargetException
at org.openqa.selenium.support.PageFactory.instantiatePage(PageFactory.java:138)
at org.openqa.selenium.support.PageFactory.initElements(PageFactory.java:64)
at ts_01.Bookshelf_search_with_storage_type.search_with_Storagetype(Bookshelf_search_with_storage_type.java:53)
at org.openqa.selenium.support.PageFactory.instantiatePage(PageFactory.java:129)
... 27 more
Caused by: java.lang.NullPointerException
at utils.Excelutils.readExcelData(Excelutils.java:52)
at pageobjects.Url_navigating_homepage.<init>(Url_navigating_homepage.java:29)
... 32 more
... Removed 30 stack frames]]>
    </failure>
  </testcase> <!-- search_with_Storagetype -->
</testsuite> <!-- Bookshelf-without-storagetype -->
