<?xml version="1.0" encoding="UTF-8"?>
<!-- Generated by org.testng.reporters.JUnitXMLReporter -->
<testsuite hostname="DHARSHINI" ignored="0" name="Bookshelf-with-storagetype" tests="1" failures="1" timestamp="24 Jun 2020 12:30:24 GMT" time="28.891" errors="0">
  <testcase name="@AfterMethod afterMethod" time="0.016" classname="ts_01.Bookshelf_search_without_Storagetype">
    <failure type="java.lang.NullPointerException">
      <![CDATA[java.lang.NullPointerException
at utils.Excelutils.reportToExcel(Excelutils.java:116)
at ts_01.Bookshelf_search_without_Storagetype.afterMethod(Bookshelf_search_without_Storagetype.java:106)
... Removed 28 stack frames]]>
    </failure>
  </testcase> <!-- @AfterMethod afterMethod -->
  <testcase name="@AfterMethod getResult" time="0.0" classname="utils.ExtentReport">
    <skipped/>
  </testcase> <!-- @AfterMethod getResult -->
  <testcase name="@AfterClass closeBrowser" time="0.0" classname="ts_01.Bookshelf_search_without_Storagetype">
    <skipped/>
  </testcase> <!-- @AfterClass closeBrowser -->
  <testcase name="bookshelf_search_without_Storagetype" time="0.204" classname="ts_01.Bookshelf_search_without_Storagetype">
    <failure type="java.lang.NullPointerException">
      <![CDATA[java.lang.NullPointerException
at ts_01.Bookshelf_search_without_Storagetype.bookshelf_search_without_Storagetype(Bookshelf_search_without_Storagetype.java:50)
... Removed 25 stack frames]]>
    </failure>
  </testcase> <!-- bookshelf_search_without_Storagetype -->
</testsuite> <!-- Bookshelf-with-storagetype -->
